{
  "RSpec": {
    "coverage": {
      "/home/ilari/gymtracker/app/helpers/application_helper.rb": [
        1,
        null
      ],
      "/home/ilari/gymtracker/app/helpers/gyms_helper.rb": [
        1,
        null
      ],
      "/home/ilari/gymtracker/app/helpers/memberships_helper.rb": [
        1,
        null
      ],
      "/home/ilari/gymtracker/app/helpers/moves_helper.rb": [
        1,
        null
      ],
      "/home/ilari/gymtracker/app/helpers/results_helper.rb": [
        1,
        null
      ],
      "/home/ilari/gymtracker/app/helpers/trainingmoves_helper.rb": [
        1,
        null
      ],
      "/home/ilari/gymtracker/app/helpers/users_helper.rb": [
        1,
        null
      ],
      "/home/ilari/gymtracker/app/controllers/gyms_controller.rb": [
        1,
        1,
        1,
        null,
        null,
        null,
        1,
        3,
        null,
        null,
        null,
        null,
        1,
        1,
        0,
        0,
        null,
        0,
        0,
        null,
        null,
        null,
        null,
        null,
        1,
        0,
        null,
        null,
        null,
        1,
        null,
        null,
        null,
        null,
        1,
        3,
        null,
        3,
        3,
        4,
        2,
        null,
        2,
        1,
        null,
        null,
        null,
        null,
        null,
        null,
        1,
        3,
        3,
        4,
        2,
        null,
        2,
        1,
        null,
        null,
        null,
        null,
        null,
        null,
        1,
        2,
        2,
        4,
        2,
        null,
        null,
        null,
        1,
        null,
        1,
        7,
        null,
        null,
        null,
        1,
        6,
        null,
        null
      ],
      "/home/ilari/gymtracker/app/controllers/application_controller.rb": [
        1,
        null,
        null,
        1,
        null,
        1,
        null,
        1,
        37,
        4,
        null,
        null,
        1,
        35,
        null,
        null,
        null
      ],
      "/home/ilari/gymtracker/app/controllers/memberships_controller.rb": [
        1,
        1,
        1,
        null,
        null,
        null,
        1,
        2,
        null,
        null,
        null,
        null,
        1,
        null,
        null,
        null,
        1,
        0,
        0,
        null,
        null,
        null,
        1,
        null,
        null,
        null,
        null,
        1,
        2,
        2,
        null,
        2,
        2,
        4,
        2,
        null,
        0,
        0,
        null,
        null,
        null,
        null,
        null,
        null,
        1,
        2,
        2,
        4,
        2,
        null,
        0,
        0,
        null,
        null,
        null,
        null,
        null,
        null,
        1,
        2,
        2,
        4,
        2,
        null,
        null,
        null,
        1,
        null,
        1,
        5,
        null,
        null,
        null,
        1,
        4,
        null,
        null
      ],
      "/home/ilari/gymtracker/app/controllers/moves_controller.rb": [
        1,
        1,
        1,
        null,
        null,
        null,
        1,
        3,
        null,
        null,
        null,
        null,
        1,
        null,
        null,
        null,
        1,
        1,
        null,
        null,
        null,
        1,
        null,
        null,
        null,
        null,
        1,
        3,
        null,
        3,
        3,
        4,
        2,
        null,
        2,
        1,
        null,
        null,
        null,
        null,
        null,
        null,
        1,
        3,
        3,
        4,
        2,
        null,
        2,
        1,
        null,
        null,
        null,
        null,
        null,
        null,
        1,
        2,
        2,
        4,
        2,
        null,
        null,
        null,
        1,
        null,
        1,
        9,
        null,
        null,
        null,
        1,
        6,
        null,
        null
      ],
      "/home/ilari/gymtracker/app/controllers/results_controller.rb": [
        1,
        1,
        1,
        null,
        null,
        null,
        1,
        4,
        4,
        4,
        4,
        null,
        null,
        null,
        null,
        1,
        null,
        null,
        null,
        1,
        0,
        0,
        null,
        null,
        null,
        1,
        1,
        null,
        null,
        null,
        null,
        1,
        3,
        3,
        3,
        3,
        3,
        4,
        2,
        null,
        2,
        1,
        null,
        null,
        null,
        null,
        null,
        null,
        1,
        3,
        3,
        4,
        2,
        null,
        2,
        1,
        null,
        null,
        null,
        null,
        null,
        null,
        1,
        2,
        2,
        4,
        2,
        null,
        null,
        null,
        1,
        null,
        1,
        8,
        null,
        null,
        null,
        1,
        6,
        null,
        null
      ],
      "/home/ilari/gymtracker/app/controllers/users_controller.rb": [
        1,
        1,
        null,
        null,
        null,
        1,
        5,
        null,
        null,
        null,
        null,
        1,
        null,
        null,
        null,
        1,
        2,
        null,
        null,
        null,
        1,
        null,
        null,
        null,
        null,
        1,
        4,
        null,
        4,
        4,
        6,
        3,
        null,
        2,
        1,
        null,
        null,
        null,
        null,
        null,
        null,
        1,
        2,
        2,
        0,
        0,
        null,
        4,
        2,
        null,
        null,
        null,
        null,
        null,
        null,
        1,
        2,
        2,
        2,
        4,
        2,
        null,
        null,
        null,
        1,
        null,
        1,
        9,
        null,
        null,
        null,
        1,
        6,
        null,
        null
      ],
      "/home/ilari/gymtracker/app/models/gym.rb": [
        1,
        1,
        null,
        1,
        null,
        null,
        1,
        1,
        1,
        null
      ],
      "/home/ilari/gymtracker/app/models/membership.rb": [
        1,
        1,
        1,
        null
      ],
      "/home/ilari/gymtracker/app/models/user.rb": [
        1,
        1,
        1,
        null,
        1,
        1,
        1,
        1,
        null,
        1,
        17,
        17,
        null,
        null,
        1,
        7,
        null,
        null,
        null
      ],
      "/home/ilari/gymtracker/app/models/move.rb": [
        1,
        1,
        null,
        1,
        1,
        null,
        1,
        4,
        null,
        null,
        1,
        4,
        null,
        null,
        1,
        4,
        null,
        null,
        null
      ],
      "/home/ilari/gymtracker/app/models/result.rb": [
        1,
        1,
        null,
        1,
        null,
        1,
        1,
        null,
        5,
        null
      ],
      "/home/ilari/gymtracker/app/controllers/sessions_controller.rb": [
        1,
        1,
        null,
        null,
        null,
        1,
        1,
        1,
        1,
        1,
        null,
        0,
        null,
        null,
        null,
        1,
        null,
        0,
        null,
        0,
        null,
        null
      ],
      "/home/ilari/gymtracker/app/controllers/concerns/average_weight.rb": [

      ]
    },
    "timestamp": 1494755872
  }
}
